<?xml version="1.0" encoding="UTF-8"?>
<!-- Generated by org.testng.reporters.JUnitXMLReporter -->
<testsuite hostname="DESKTOP-43VPLR2" ignored="1" name="fist_test_suite" tests="2" failures="0" timestamp="2023-03-06T13:23:22 IST" time="0.045" errors="0">
  <testcase name="chemist" time="0.006" classname="TestNG.Basics"/>
  <testcase name="data" time="0.001" classname="TestNG.Basics"/>
  <testcase name="driven" time="0.0" classname="TestNG.Basics">
    <ignored/>
  </testcase> <!-- driven -->
</testsuite> <!-- fist_test_suite -->
